<?xml version="1.0" encoding="UTF-8"?>
<testng-results skipped="0" failed="0" ignored="0" total="1" passed="1">
  <reporter-output>
  </reporter-output>
  <suite name="Suite" duration-ms="394" started-at="2020-02-20T06:15:05 EST" finished-at="2020-02-20T06:15:06 EST">
    <groups>
      <group name="cucumber">
        <method signature="AbstractTestNGCucumberTests.feature(cucumber.api.testng.CucumberFeatureWrapper)[pri:0, instance:cucumberOptions.TestRunnerTest@2b9627bc]" name="feature" class="cucumber.api.testng.AbstractTestNGCucumberTests"/>
      </group> <!-- cucumber -->
    </groups>
    <test name="LoginTest" duration-ms="394" started-at="2020-02-20T06:15:05 EST" finished-at="2020-02-20T06:15:06 EST">
      <class name="cucumberOptions.TestRunnerTest">
        <test-method status="PASS" signature="setUpClass()[pri:0, instance:cucumberOptions.TestRunnerTest@2b9627bc]" name="setUpClass" is-config="true" duration-ms="257" started-at="2020-02-20T06:15:05 EST" finished-at="2020-02-20T06:15:05 EST">
          <reporter-output>
          </reporter-output>
        </test-method> <!-- setUpClass -->
        <test-method status="PASS" signature="feature(cucumber.api.testng.CucumberFeatureWrapper)[pri:0, instance:cucumberOptions.TestRunnerTest@2b9627bc]" name="feature" duration-ms="8" started-at="2020-02-20T06:15:06 EST" description="Runs Cucumber Feature" data-provider="features" finished-at="2020-02-20T06:15:06 EST">
          <params>
            <param index="0">
              <value>
                <![CDATA[Booking Flight]]>
              </value>
            </param>
          </params>
          <reporter-output>
          </reporter-output>
        </test-method> <!-- feature -->
        <test-method status="PASS" signature="tearDownClass()[pri:0, instance:cucumberOptions.TestRunnerTest@2b9627bc]" name="tearDownClass" is-config="true" duration-ms="4" started-at="2020-02-20T06:15:06 EST" finished-at="2020-02-20T06:15:06 EST">
          <reporter-output>
          </reporter-output>
        </test-method> <!-- tearDownClass -->
      </class> <!-- cucumberOptions.TestRunnerTest -->
    </test> <!-- LoginTest -->
  </suite> <!-- Suite -->
</testng-results>
